<?xml version="1.0" encoding="UTF-8"?>
<!-- Generated by org.testng.reporters.JUnitReportReporter -->
<testsuite hostname="DESKTOP-7J89CTL" failures="0" tests="3" name="com.training.regression.tests.LoginExcelTest" time="60.737" errors="0" timestamp="21 May 2020 02:01:03 GMT" skipped="0">
  <testcase classname="com.training.regression.tests.LoginExcelTest" name="loginDBTest" time="22.598"/>
  <testcase classname="com.training.regression.tests.LoginExcelTest" name="loginDBTest" time="19.134"/>
  <testcase classname="com.training.regression.tests.LoginExcelTest" name="loginDBTest" time="19.005"/>
</testsuite> <!-- com.training.regression.tests.LoginExcelTest -->
