<?xml version="1.0" encoding="UTF-8"?>
<!-- Generated by org.testng.reporters.JUnitReportReporter -->
<testsuite hostname="DESKTOP-7J89CTL" failures="0" tests="4" name="com.training.sanity.tests.LoginTests2" time="24.204" errors="0" timestamp="20 May 2020 01:23:16 GMT" skipped="3">
  <testcase classname="com.training.sanity.tests.LoginTests2" name="Test4" time="24.204"/>
  <testcase classname="com.training.sanity.tests.LoginTests2" name="validLoginTest">
    <skipped/>
  </testcase> <!-- validLoginTest -->
  <testcase classname="com.training.sanity.tests.LoginTests2" name="Test2">
    <skipped/>
  </testcase> <!-- Test2 -->
  <testcase classname="com.training.sanity.tests.LoginTests2" name="Test3">
    <skipped/>
  </testcase> <!-- Test3 -->
</testsuite> <!-- com.training.sanity.tests.LoginTests2 -->
