<?xml version="1.0" encoding="UTF-8"?>
<!-- Generated by org.testng.reporters.JUnitReportReporter -->
<testsuite hostname="DESKTOP-7J89CTL" failures="0" tests="3" name="com.training.sanity.tests.LoginTests" time="127.087" errors="0" timestamp="12 May 2020 01:58:09 GMT" skipped="0">
  <testcase classname="com.training.sanity.tests.LoginTests" name="validLoginTest" time="27.631"/>
  <testcase classname="com.training.sanity.tests.LoginTests" name="Test2" time="49.622"/>
  <testcase classname="com.training.sanity.tests.LoginTests" name="Test3" time="49.834"/>
</testsuite> <!-- com.training.sanity.tests.LoginTests -->
