<?xml version="1.0" encoding="UTF-8"?>
<!-- Generated by org.testng.reporters.JUnitReportReporter -->
<testsuite hostname="DESKTOP-7J89CTL" failures="0" tests="1" name="com.training.regression.tests.LoginDBTest" time="23.771" errors="0" timestamp="21 May 2020 01:59:00 GMT" skipped="0">
  <testcase classname="com.training.regression.tests.LoginDBTest" name="loginDBTest" time="23.771"/>
</testsuite> <!-- com.training.regression.tests.LoginDBTest -->
